{
  "RSpec": {
    "coverage": {
      "/app/backend/app/models/message.rb": {
        "lines": [
          1,
          1,
          1,
          null
        ]
      },
      "/app/backend/app/models/application_record.rb": {
        "lines": [
          1,
          1,
          null
        ]
      },
      "/app/backend/app/models/room.rb": {
        "lines": [
          1,
          1,
          1,
          null
        ]
      },
      "/app/backend/app/models/session.rb": {
        "lines": [
          1,
          1,
          null,
          1,
          1,
          null,
          1,
          0,
          null,
          null,
          1,
          1,
          7,
          null,
          null,
          1,
          7,
          null,
          null
        ]
      },
      "/app/backend/app/models/user.rb": {
        "lines": [
          1,
          1,
          1,
          null,
          1,
          1
        ]
      },
      "/app/backend/app/controllers/api/v1/sessions_controller.rb": {
        "lines": [
          1,
          1,
          5,
          null,
          5,
          4,
          4,
          null,
          1,
          null,
          null,
          null,
          1,
          2,
          null,
          2,
          1,
          null,
          null,
          1,
          null,
          null,
          1,
          null,
          1,
          2,
          null,
          null
        ]
      },
      "/app/backend/app/controllers/application_controller.rb": {
        "lines": [
          1,
          1,
          null,
          1,
          null,
          1,
          3,
          null,
          null,
          null,
          null
        ]
      },
      "/app/backend/app/controllers/concerns/authenticable.rb": {
        "lines": [
          1,
          1,
          7,
          7,
          null,
          5,
          5,
          5,
          null,
          5,
          1,
          1,
          null,
          4,
          4,
          null,
          null,
          null,
          1,
          null,
          5,
          null,
          0,
          null,
          null,
          null,
          1,
          7,
          3,
          null,
          null,
          null,
          null,
          null,
          null,
          null,
          null,
          null,
          null,
          null,
          null,
          null,
          null
        ]
      },
      "/app/backend/app/controllers/api/v1/rooms_controller.rb": {
        "lines": [
          1,
          1,
          1,
          2,
          2,
          null,
          null,
          1,
          2,
          2,
          1,
          null,
          null,
          1,
          null,
          null,
          1,
          null,
          1,
          2,
          null
        ]
      },
      "/app/backend/app/jobs/application_job.rb": {
        "lines": [
          0,
          null,
          null,
          null,
          null,
          null,
          0
        ],
        "branches": {}
      },
      "/app/backend/app/mailers/application_mailer.rb": {
        "lines": [
          0,
          0,
          0,
          0
        ],
        "branches": {}
      }
    },
    "timestamp": 1742654858
  }
}
